Case #1: CAB
Case #2: MJA
Case #3: OCDE
Case #4: BBAAA
Case #5: CCCABBBAB
Case #6: CCCBAABAB
Case #7: ZXCASDQWE
Case #8: BB
Case #9: BAA
Case #10: CCCCCBBBBBAAAAA
Case #11: MMJAICBADEFGHKL
Case #12: ONLBGEIFDHJKAMC
Case #13: BBB
Case #14: ZZXTDLJTQHBRBJR
Case #15: DCCCCBBBBAAAABA
Case #16: AAA
Case #17: CCCCBBBBBAABAA
Case #18: CCCCCBBBBBAAAAA
Case #19: BA
Case #20: BA
Case #21: CCCCABABBBBAAAA
Case #22: ONMLAJIHBFEDCGK
Case #23: DCCCBAAAAABBA
Case #24: ZADBC
Case #25: BAA
Case #26: CCCCCBBBAAAABAB
Case #27: OEDCBAGHIJKFMNL
Case #28: CBA
Case #29: BAAA
Case #30: CCCCCBBBBBAAAAA
Case #31: ZDABC
Case #32: AA
Case #33: CBA
Case #34: ZABCD
Case #35: CCCCCCCCBBABAAA
Case #36: OMNEKJIHGCLDFBA
Case #37: ZABYCXDWEU
Case #38: DDCCCCBBCABCA
Case #39: DCBBAAAAAAABAA
Case #40: CCCCCBBABBBAAAA
Case #41: CCCCCCABBABBBBB
Case #42: BBA
Case #43: CCCCCCBBBAAABBB
Case #44: BBBBBAAAAAAAA
Case #45: CBBBAAAAAAAAA
Case #46: CBA
Case #47: ZPPNBXKRXGGJPTP
Case #48: BAAA
Case #49: CBBBAABBAABBB
Case #50: DCCBBAAAAAAAA
Case #51: CCCCCBBBBBAAAAA
Case #52: CCCCCBABAABABAA
Case #53: CCBBAABABBAABBB
Case #54: CCCCCCBABAABBBA
Case #55: OMJBAHFECLDKING
Case #56: ONJBAHEGDIFKLMC
Case #57: CCCCCBBBBBAAAAA
Case #58: ZEDCBAYXWU
Case #59: BAAA
Case #60: BAAA
Case #61: CCCCCBBBBBAAAAA
Case #62: CAB
Case #63: CCCCCCABBABABAB
Case #64: ZAAAA
Case #65: ONMKHBEFGAIJDLC
Case #66: ZHSMKTXFKWKNJQN
Case #67: MMABCGHJLAKIFED
Case #68: CCBBBBBBAAAAB
Case #69: MMAJIFEBACDGHKL
Case #70: OMCGJNIHFLEDABK
Case #71: CCCCBAAAABBBAAB
Case #72: OMEAGICHBLFJDKN
Case #73: MMIEDCABFGHJKLA
Case #74: A
Case #75: CCCCCBBAABBBBAB
Case #76: ZACBA
Case #77: ZDCBA
Case #78: VSSPLGGDHQQNNMD
Case #79: BBA
Case #80: CCCCABBABABBABB
Case #81: MMLKJIFDCAHGEBA
Case #82: Z
Case #83: CCCCCCAABAABAAA
Case #84: CCCCCABAAAAABBA
Case #85: CCCCBAAABBABBAB
Case #86: MMABCDFLAKJIHGE
Case #87: CCCABBAABBBABBB
Case #88: BAA
Case #89: CBA
Case #90: CCCCCBBBBBAAAAA
Case #91: ZZQLDLDVSYRHKPV
Case #92: CCCCCABBABAAAAB
Case #93: CCCCBBBABBBABAA
Case #94: RRBAACADABA
Case #95: CCCCCBBBBBAAAAA
Case #96: CBBBBBBBAAAAAAA
Case #97: ZAYBXCWDUE
Case #98: BBA
Case #99: ONFDLBJMHGCKIAE
Case #100: CCCCCBBBBBAAAAA
