Case #1: 3 4 6
Case #2: 6 11 12 17 19 20 22 25 27 29
Case #3: 10 11 14 19 21 24
Case #4: 4 6 8
Case #5: 1 2 3 4
Case #6: 14 21 26 29 32 33
Case #7: 1 2 3
Case #8: 6 12 14 16 22 26 29
Case #9: 8 11 14 16 17 21 22 25 27
Case #10: 93 113 122 165 185 203 215
Case #11: 2 12 22 32 42 52 62 72 82 92
Case #12: 12 16 18 21 26 28 29 33 36
Case #13: 1 3 4 7 10 12 14 15 17
Case #14: 17 20 23 25 28 31
Case #15: 158 175 185 210 215 246 266 295 312 345
Case #16: 5 12 19 26 33 40 47
Case #17: 11 15 17 19 21 23 26 27 28 30
Case #18: 7 10 13 17 19 22 25
Case #19: 2 6
Case #20: 2 3 4 5 6 7 8
Case #21: 25 28 29 36 40 46 50 52 57 58
Case #22: 21 30 43 58
Case #23: 4 5 7 9
Case #24: 6 8 10 11 13 15 16
Case #25: 15 18 23 25 26 30 35
Case #26: 1 2 3 4 5 9
Case #27: 4 8
Case #28: 4 7 8 12
Case #29: 5 9 10 11 15 16 18 21 25
Case #30: 5 6 7 8 9 10 11 12 13 14
Case #31: 7 9 11 13 15 17 18
Case #32: 6 8 12
Case #33: 1 2 3 7
Case #34: 6 8
Case #35: 7 10 14 17
Case #36: 2 3 4
Case #37: 1 2 3 4 5 6 7 8 9 46
Case #38: 3 4 5
Case #39: 4 6 7 10
Case #40: 22 222
Case #41: 2 3 4 5
Case #42: 10 13 18 20
Case #43: 4 6 8 9 10 11 12
Case #44: 12 21 24 25 27 30 32 35 37 39
Case #45: 2 4
Case #46: 1 2 3 4 5 6 23
Case #47: 11 22 23 27 31 34 36
Case #48: 4 5 8 11 15
Case #49: 2 22
Case #50: 2 3
